[debug] [2023-04-25T00:34:17.731Z] ----------------------------------------------------------------------
[debug] [2023-04-25T00:34:17.736Z] Command:       C:\Program Files\nodejs\node.exe C:\Users\14059\AppData\Roaming\npm\node_modules\firebase-tools\lib\bin\firebase.js init
[debug] [2023-04-25T00:34:17.737Z] CLI Version:   11.28.0
[debug] [2023-04-25T00:34:17.737Z] Platform:      win32
[debug] [2023-04-25T00:34:17.737Z] Node Version:  v18.16.0
[debug] [2023-04-25T00:34:17.739Z] Time:          Mon Apr 24 2023 19:34:17 GMT-0500 (Central Daylight Time)
[debug] [2023-04-25T00:34:17.739Z] ----------------------------------------------------------------------
[debug] 
[debug] [2023-04-25T00:34:17.754Z] > command requires scopes: ["email","openid","https://www.googleapis.com/auth/cloudplatformprojects.readonly","https://www.googleapis.com/auth/firebase","https://www.googleapis.com/auth/cloud-platform"]
[debug] [2023-04-25T00:34:17.755Z] > authorizing via signed-in user (hemanth.konga@eagles.oc.edu)
[info] 
     ######## #### ########  ######## ########     ###     ######  ########
     ##        ##  ##     ## ##       ##     ##  ##   ##  ##       ##
     ######    ##  ########  ######   ########  #########  ######  ######
     ##        ##  ##    ##  ##       ##     ## ##     ##       ## ##
     ##       #### ##     ## ######## ########  ##     ##  ######  ########

You're about to initialize a Firebase project in this directory:

  C:\Users\14059\Downloads\DevOps-Firebase-Demo-main

[info] 
=== Project Setup
[info] 
[info] First, let's associate this project directory with a Firebase project.
[info] You can create multiple project aliases by running firebase use --add, 
[info] but for now we'll just set up a default project.
[info] 
[debug] [2023-04-25T00:34:39.453Z] >>> [apiv2][query] GET https://firebase.googleapis.com/v1beta1/projects pageSize=100
[debug] [2023-04-25T00:34:40.237Z] <<< [apiv2][status] GET https://firebase.googleapis.com/v1beta1/projects 200
[debug] [2023-04-25T00:34:40.238Z] <<< [apiv2][body] GET https://firebase.googleapis.com/v1beta1/projects [omitted]
[info] i  Using project fire-base-application-2d95c (FIRE BASE APPLICATION) 
[info] 
=== Hosting Setup
[info] 
[info] Your public directory is the folder (relative to your project directory) that
[info] will contain Hosting assets to be uploaded with firebase deploy. If you
[info] have a build process for your assets, use your build's output directory.
[info] 
[debug] [2023-04-25T00:34:54.746Z] >>> [apiv2][query] GET https://www.gstatic.com/firebasejs/releases.json [none]
[debug] [2023-04-25T00:34:54.860Z] <<< [apiv2][status] GET https://www.gstatic.com/firebasejs/releases.json 200
[debug] [2023-04-25T00:34:54.860Z] <<< [apiv2][body] GET https://www.gstatic.com/firebasejs/releases.json {"current":{"version":"9.20.0","browserURL":"https://www.gstatic.com/firebasejs/9.20.0/firebase.js","packageURL":"https://www.gstatic.com/firebasejs/9.20.0/firebase.tgz"},"live":{"version":"9.20","browserURL":"https://www.gstatic.com/firebasejs/live/9.20/firebase.js","packageURL":"https://www.gstatic.com/firebasejs/live/9.20/firebase.tgz"},"components":{"analytics":"https://www.gstatic.com/firebasejs/9.20.0/firebase-analytics.js","app":"https://www.gstatic.com/firebasejs/9.20.0/firebase-app.js","app-check":"https://www.gstatic.com/firebasejs/9.20.0/firebase-app-check.js","auth":"https://www.gstatic.com/firebasejs/9.20.0/firebase-auth.js","auth/cordova":"https://www.gstatic.com/firebasejs/9.20.0/firebase-auth/cordova.js","auth/react-native":"https://www.gstatic.com/firebasejs/9.20.0/firebase-auth/react-native.js","functions":"https://www.gstatic.com/firebasejs/9.20.0/firebase-functions.js","firestore":"https://www.gstatic.com/firebasejs/9.20.0/firebase-firestore.js","firestore/lite":"https://www.gstatic.com/firebasejs/9.20.0/firebase-firestore/lite.js","installations":"https://www.gstatic.com/firebasejs/9.20.0/firebase-installations.js","storage":"https://www.gstatic.com/firebasejs/9.20.0/firebase-storage.js","performance":"https://www.gstatic.com/firebasejs/9.20.0/firebase-performance.js","remote-config":"https://www.gstatic.com/firebasejs/9.20.0/firebase-remote-config.js","messaging":"https://www.gstatic.com/firebasejs/9.20.0/firebase-messaging.js","messaging/sw":"https://www.gstatic.com/firebasejs/9.20.0/firebase-messaging/sw.js","database":"https://www.gstatic.com/firebasejs/9.20.0/firebase-database.js","firestore.memory":"https://www.gstatic.com/firebasejs/9.20.0/firebase-firestore.memory.js"}}
[info] +  Wrote dist//index.html 
[info] 
[info] i  Detected a .git folder at C:\Users\14059\Downloads\DevOps-Firebase-Demo-main 
[info] i  Authorizing with GitHub to upload your service account to a GitHub repository's secrets store. 
[info] 
[info] Visit this URL on this device to log in:
[info] https://github.com/login/oauth/authorize?client_id=89cf50f02ac6aaed3484&state=334105761&redirect_uri=http%3A%2F%2Flocalhost%3A9005&scope=read%3Auser%20repo%20public_repo
[info] 
[info] Waiting for authentication...
[debug] [2023-04-25T00:34:55.875Z] >>> [apiv2][query] POST https://github.com/login/oauth/access_token [none]
[debug] [2023-04-25T00:34:55.876Z] >>> [apiv2][body] POST https://github.com/login/oauth/access_token [stream]
[debug] [2023-04-25T00:34:56.400Z] <<< [apiv2][status] POST https://github.com/login/oauth/access_token 200
[debug] [2023-04-25T00:34:56.400Z] <<< [apiv2][body] POST https://github.com/login/oauth/access_token {"access_token":"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","token_type":"bearer","scope":"read:user,repo"}
[debug] [2023-04-25T00:34:56.418Z] >>> [apiv2][query] GET https://api.github.com/user [none]
[debug] [2023-04-25T00:34:56.912Z] <<< [apiv2][status] GET https://api.github.com/user 200
[debug] [2023-04-25T00:34:56.912Z] <<< [apiv2][body] GET https://api.github.com/user {"login":"hemanthchina7","id":127918291,"node_id":"U_kgDOB5_g0w","avatar_url":"https://avatars.githubusercontent.com/u/127918291?v=4","gravatar_id":"","url":"https://api.github.com/users/hemanthchina7","html_url":"https://github.com/hemanthchina7","followers_url":"https://api.github.com/users/hemanthchina7/followers","following_url":"https://api.github.com/users/hemanthchina7/following{/other_user}","gists_url":"https://api.github.com/users/hemanthchina7/gists{/gist_id}","starred_url":"https://api.github.com/users/hemanthchina7/starred{/owner}{/repo}","subscriptions_url":"https://api.github.com/users/hemanthchina7/subscriptions","organizations_url":"https://api.github.com/users/hemanthchina7/orgs","repos_url":"https://api.github.com/users/hemanthchina7/repos","events_url":"https://api.github.com/users/hemanthchina7/events{/privacy}","received_events_url":"https://api.github.com/users/hemanthchina7/received_events","type":"User","site_admin":false,"name":null,"company":null,"blog":"","location":null,"email":null,"hireable":null,"bio":null,"twitter_username":null,"public_repos":4,"public_gists":0,"followers":0,"following":0,"created_at":"2023-03-15T04:04:42Z","updated_at":"2023-03-15T04:04:42Z","private_gists":0,"total_private_repos":0,"owned_private_repos":0,"disk_usage":0,"collaborators":0,"two_factor_authentication":false,"plan":{"name":"free","space":976562499,"collaborators":0,"private_repos":10000}}
[info] 
[info] +  Success! Logged into GitHub as hemanthchina7 
[info] 
